This file contains any messages produced by compilers while
running configure, to aid debugging if configure makes a mistake.

It was created by calc configure 0.1.0, which was
generated by GNU Autoconf 2.71.  Invocation command line was

  $ ../configure

## --------- ##
## Platform. ##
## --------- ##

hostname = desktop-8107
uname -m = x86_64
uname -r = 6.2.0-26-generic
uname -s = Linux
uname -v = #26-Ubuntu SMP PREEMPT_DYNAMIC Mon Jul 10 23:39:54 UTC 2023

/usr/bin/uname -p = x86_64
/bin/uname -X     = unknown

/bin/arch              = x86_64
/usr/bin/arch -k       = unknown
/usr/convex/getsysinfo = unknown
/usr/bin/hostinfo      = unknown
/bin/machine           = unknown
/usr/bin/oslevel       = unknown
/bin/universe          = unknown

PATH: /home/rayan/.local/bin/
PATH: /usr/local/sbin/
PATH: /usr/local/bin/
PATH: /usr/sbin/
PATH: /usr/bin/
PATH: /sbin/
PATH: /bin/
PATH: /usr/games/
PATH: /usr/local/games/
PATH: /snap/bin/
PATH: /snap/bin/


## ----------- ##
## Core tests. ##
## ----------- ##

configure:2389: looking for aux files: config.guess config.sub ltmain.sh ar-lib compile missing install-sh
configure:2402:  trying ../
configure:2431:   ../config.guess found
configure:2431:   ../config.sub found
configure:2431:   ../ltmain.sh found
configure:2431:   ../ar-lib found
configure:2431:   ../compile found
configure:2431:   ../missing found
configure:2413:   ../install-sh found
configure:2566: checking for a BSD-compatible install
configure:2639: result: /usr/bin/install -c
configure:2650: checking whether build environment is sane
configure:2705: result: yes
configure:2864: checking for a race-free mkdir -p
configure:2908: result: /usr/bin/mkdir -p
configure:2915: checking for gawk
configure:2950: result: no
configure:2915: checking for mawk
configure:2936: found /usr/bin/mawk
configure:2947: result: mawk
configure:2958: checking whether make sets $(MAKE)
configure:2981: result: yes
configure:3011: checking whether make supports nested variables
configure:3029: result: yes
configure:3177: checking whether make supports nested variables
configure:3195: result: yes
configure:3220: checking whether make supports the include directive
configure:3235: make -f confmf.GNU && cat confinc.out
this is the am__doit target
configure:3238: $? = 0
configure:3257: result: yes (GNU style)
configure:3333: checking for gcc
configure:3354: found /usr/bin/gcc
configure:3365: result: gcc
configure:3718: checking for C compiler version
configure:3727: gcc --version >&5
gcc (Ubuntu 12.2.0-17ubuntu1) 12.2.0
Copyright (C) 2022 Free Software Foundation, Inc.
This is free software; see the source for copying conditions.  There is NO
warranty; not even for MERCHANTABILITY or FITNESS FOR A PARTICULAR PURPOSE.

configure:3738: $? = 0
configure:3727: gcc -v >&5
Using built-in specs.
COLLECT_GCC=gcc
COLLECT_LTO_WRAPPER=/usr/lib/gcc/x86_64-linux-gnu/12/lto-wrapper
OFFLOAD_TARGET_NAMES=nvptx-none:amdgcn-amdhsa
OFFLOAD_TARGET_DEFAULT=1
Target: x86_64-linux-gnu
Configured with: ../src/configure -v --with-pkgversion='Ubuntu 12.2.0-17ubuntu1' --with-bugurl=file:///usr/share/doc/gcc-12/README.Bugs --enable-languages=c,ada,c++,go,d,fortran,objc,obj-c++,m2 --prefix=/usr --with-gcc-major-version-only --program-suffix=-12 --program-prefix=x86_64-linux-gnu- --enable-shared --enable-linker-build-id --libexecdir=/usr/lib --without-included-gettext --enable-threads=posix --libdir=/usr/lib --enable-nls --enable-clocale=gnu --enable-libstdcxx-debug --enable-libstdcxx-time=yes --with-default-libstdcxx-abi=new --enable-gnu-unique-object --disable-vtable-verify --enable-plugin --enable-default-pie --with-system-zlib --enable-libphobos-checking=release --with-target-system-zlib=auto --enable-objc-gc=auto --enable-multiarch --disable-werror --enable-cet --with-arch-32=i686 --with-abi=m64 --with-multilib-list=m32,m64,mx32 --enable-multilib --with-tune=generic --enable-offload-targets=nvptx-none=/build/gcc-12-Pa930Z/gcc-12-12.2.0/debian/tmp-nvptx/usr,amdgcn-amdhsa=/build/gcc-12-Pa930Z/gcc-12-12.2.0/debian/tmp-gcn/usr --enable-offload-defaulted --without-cuda-driver --enable-checking=release --build=x86_64-linux-gnu --host=x86_64-linux-gnu --target=x86_64-linux-gnu
Thread model: posix
Supported LTO compression algorithms: zlib zstd
gcc version 12.2.0 (Ubuntu 12.2.0-17ubuntu1) 
... rest of stderr output deleted ...
configure:3738: $? = 0
configure:3727: gcc -V >&5
gcc: error: unrecognized command-line option '-V'
gcc: fatal error: no input files
compilation terminated.
configure:3738: $? = 1
configure:3727: gcc -qversion >&5
gcc: error: unrecognized command-line option '-qversion'; did you mean '--version'?
gcc: fatal error: no input files
compilation terminated.
configure:3738: $? = 1
configure:3727: gcc -version >&5
gcc: error: unrecognized command-line option '-version'
gcc: fatal error: no input files
compilation terminated.
configure:3738: $? = 1
configure:3758: checking whether the C compiler works
configure:3780: gcc    conftest.c  >&5
configure:3784: $? = 0
configure:3834: result: yes
configure:3837: checking for C compiler default output file name
configure:3839: result: a.out
configure:3845: checking for suffix of executables
configure:3852: gcc -o conftest    conftest.c  >&5
configure:3856: $? = 0
configure:3879: result: 
configure:3901: checking whether we are cross compiling
configure:3909: gcc -o conftest    conftest.c  >&5
configure:3913: $? = 0
configure:3920: ./conftest
configure:3924: $? = 0
configure:3939: result: no
configure:3944: checking for suffix of object files
configure:3967: gcc -c   conftest.c >&5
configure:3971: $? = 0
configure:3993: result: o
configure:3997: checking whether the compiler supports GNU C
configure:4017: gcc -c   conftest.c >&5
configure:4017: $? = 0
configure:4027: result: yes
configure:4038: checking whether gcc accepts -g
configure:4059: gcc -c -g  conftest.c >&5
configure:4059: $? = 0
configure:4103: result: yes
configure:4123: checking for gcc option to enable C11 features
configure:4138: gcc  -c -g -O2  conftest.c >&5
configure:4138: $? = 0
configure:4156: result: none needed
configure:4272: checking whether gcc understands -c and -o together
configure:4295: gcc -c conftest.c -o conftest2.o
configure:4298: $? = 0
configure:4295: gcc -c conftest.c -o conftest2.o
configure:4298: $? = 0
configure:4310: result: yes
configure:4329: checking dependency style of gcc
configure:4441: result: gcc3
configure:4465: checking for stdio.h
configure:4465: gcc -c -g -O2  conftest.c >&5
configure:4465: $? = 0
configure:4465: result: yes
configure:4465: checking for stdlib.h
configure:4465: gcc -c -g -O2  conftest.c >&5
configure:4465: $? = 0
configure:4465: result: yes
configure:4465: checking for string.h
configure:4465: gcc -c -g -O2  conftest.c >&5
configure:4465: $? = 0
configure:4465: result: yes
configure:4465: checking for inttypes.h
configure:4465: gcc -c -g -O2  conftest.c >&5
configure:4465: $? = 0
configure:4465: result: yes
configure:4465: checking for stdint.h
configure:4465: gcc -c -g -O2  conftest.c >&5
configure:4465: $? = 0
configure:4465: result: yes
configure:4465: checking for strings.h
configure:4465: gcc -c -g -O2  conftest.c >&5
configure:4465: $? = 0
configure:4465: result: yes
configure:4465: checking for sys/stat.h
configure:4465: gcc -c -g -O2  conftest.c >&5
configure:4465: $? = 0
configure:4465: result: yes
configure:4465: checking for sys/types.h
configure:4465: gcc -c -g -O2  conftest.c >&5
configure:4465: $? = 0
configure:4465: result: yes
configure:4465: checking for unistd.h
configure:4465: gcc -c -g -O2  conftest.c >&5
configure:4465: $? = 0
configure:4465: result: yes
configure:4465: checking for wchar.h
configure:4465: gcc -c -g -O2  conftest.c >&5
configure:4465: $? = 0
configure:4465: result: yes
configure:4465: checking for minix/config.h
configure:4465: gcc -c -g -O2  conftest.c >&5
conftest.c:49:10: fatal error: minix/config.h: No such file or directory
   49 | #include <minix/config.h>
      |          ^~~~~~~~~~~~~~~~
compilation terminated.
configure:4465: $? = 1
configure: failed program was:
| /* confdefs.h */
| #define PACKAGE_NAME "calc"
| #define PACKAGE_TARNAME "calc"
| #define PACKAGE_VERSION "0.1.0"
| #define PACKAGE_STRING "calc 0.1.0"
| #define PACKAGE_BUGREPORT "https://github.com/svenstaro/rofi-calc"
| #define PACKAGE_URL "https://github.com/svenstaro/rofi-calc/issues"
| #define PACKAGE "calc"
| #define VERSION "0.1.0"
| #define HAVE_STDIO_H 1
| #define HAVE_STDLIB_H 1
| #define HAVE_STRING_H 1
| #define HAVE_INTTYPES_H 1
| #define HAVE_STDINT_H 1
| #define HAVE_STRINGS_H 1
| #define HAVE_SYS_STAT_H 1
| #define HAVE_SYS_TYPES_H 1
| #define HAVE_UNISTD_H 1
| #define HAVE_WCHAR_H 1
| /* end confdefs.h.  */
| #include <stddef.h>
| #ifdef HAVE_STDIO_H
| # include <stdio.h>
| #endif
| #ifdef HAVE_STDLIB_H
| # include <stdlib.h>
| #endif
| #ifdef HAVE_STRING_H
| # include <string.h>
| #endif
| #ifdef HAVE_INTTYPES_H
| # include <inttypes.h>
| #endif
| #ifdef HAVE_STDINT_H
| # include <stdint.h>
| #endif
| #ifdef HAVE_STRINGS_H
| # include <strings.h>
| #endif
| #ifdef HAVE_SYS_TYPES_H
| # include <sys/types.h>
| #endif
| #ifdef HAVE_SYS_STAT_H
| # include <sys/stat.h>
| #endif
| #ifdef HAVE_UNISTD_H
| # include <unistd.h>
| #endif
| #include <minix/config.h>
configure:4465: result: no
configure:4496: checking whether it is safe to define __EXTENSIONS__
configure:4515: gcc -c -g -O2  conftest.c >&5
configure:4515: $? = 0
configure:4523: result: yes
configure:4526: checking whether _XOPEN_SOURCE should be defined
configure:4548: gcc -c -g -O2  conftest.c >&5
configure:4548: $? = 0
configure:4575: result: no
configure:4687: checking for ar
configure:4708: found /usr/bin/ar
configure:4719: result: ar
configure:4745: checking the archiver (ar) interface
configure:4762: gcc -c -g -O2  conftest.c >&5
configure:4762: $? = 0
configure:4765: ar cru libconftest.a conftest.o >&5
ar: `u' modifier ignored since `D' is the default (see `U')
configure:4768: $? = 0
configure:4796: result: ar
configure:4879: checking for pkg-config
configure:4902: found /usr/bin/pkg-config
configure:4914: result: /usr/bin/pkg-config
configure:4939: checking pkg-config is at least version 0.9.0
configure:4942: result: yes
configure:4954: checking for glib-2.0 >= 2.40 gio-unix-2.0 gmodule-2.0 
configure:4961: $PKG_CONFIG --exists --print-errors "glib-2.0 >= 2.40 gio-unix-2.0 gmodule-2.0 "
configure:4964: $? = 0
configure:4978: $PKG_CONFIG --exists --print-errors "glib-2.0 >= 2.40 gio-unix-2.0 gmodule-2.0 "
configure:4981: $? = 0
configure:5039: result: yes
configure:5045: checking for cairo
configure:5052: $PKG_CONFIG --exists --print-errors "cairo"
configure:5055: $? = 0
configure:5069: $PKG_CONFIG --exists --print-errors "cairo"
configure:5072: $? = 0
configure:5130: result: yes
configure:5136: checking for rofi >= 1.5.4
configure:5143: $PKG_CONFIG --exists --print-errors "rofi >= 1.5.4"
configure:5146: $? = 0
configure:5160: $PKG_CONFIG --exists --print-errors "rofi >= 1.5.4"
configure:5163: $? = 0
configure:5221: result: yes
configure:5261: checking build system type
configure:5276: result: x86_64-pc-linux-gnu
configure:5296: checking host system type
configure:5310: result: x86_64-pc-linux-gnu
configure:5351: checking how to print strings
configure:5378: result: printf
configure:5399: checking for a sed that does not truncate output
configure:5469: result: /usr/bin/sed
configure:5487: checking for grep that handles long lines and -e
configure:5551: result: /usr/bin/grep
configure:5556: checking for egrep
configure:5624: result: /usr/bin/grep -E
configure:5629: checking for fgrep
configure:5697: result: /usr/bin/grep -F
configure:5733: checking for ld used by gcc
configure:5801: result: /usr/bin/ld
configure:5808: checking if the linker (/usr/bin/ld) is GNU ld
configure:5824: result: yes
configure:5836: checking for BSD- or MS-compatible name lister (nm)
configure:5891: result: /usr/bin/nm -B
configure:6031: checking the name lister (/usr/bin/nm -B) interface
configure:6039: gcc -c -g -O2  conftest.c >&5
configure:6042: /usr/bin/nm -B "conftest.o"
configure:6045: output
0000000000000000 B some_variable
configure:6052: result: BSD nm
configure:6055: checking whether ln -s works
configure:6059: result: yes
configure:6067: checking the maximum length of command line arguments
configure:6199: result: 1572864
configure:6247: checking how to convert x86_64-pc-linux-gnu file names to x86_64-pc-linux-gnu format
configure:6288: result: func_convert_file_noop
configure:6295: checking how to convert x86_64-pc-linux-gnu file names to toolchain format
configure:6316: result: func_convert_file_noop
configure:6323: checking for /usr/bin/ld option to reload object files
configure:6331: result: -r
configure:6410: checking for file
configure:6431: found /usr/bin/file
configure:6442: result: file
configure:6518: checking for objdump
configure:6539: found /usr/bin/objdump
configure:6550: result: objdump
configure:6582: checking how to recognize dependent libraries
configure:6783: result: pass_all
configure:6873: checking for dlltool
configure:6908: result: no
configure:6938: checking how to associate runtime and link libraries
configure:6966: result: printf %s\n
configure:7116: checking for archiver @FILE support
configure:7134: gcc -c -g -O2  conftest.c >&5
configure:7134: $? = 0
configure:7138: ar cr libconftest.a @conftest.lst >&5
configure:7141: $? = 0
configure:7146: ar cr libconftest.a @conftest.lst >&5
ar: conftest.o: No such file or directory
configure:7149: $? = 1
configure:7161: result: @
configure:7224: checking for strip
configure:7245: found /usr/bin/strip
configure:7256: result: strip
configure:7333: checking for ranlib
configure:7354: found /usr/bin/ranlib
configure:7365: result: ranlib
configure:7467: checking command to parse /usr/bin/nm -B output from gcc object
configure:7621: gcc -c -g -O2  conftest.c >&5
configure:7624: $? = 0
configure:7628: /usr/bin/nm -B conftest.o | /usr/bin/sed -n -e 's/^.*[	 ]\([ABCDGIRSTW][ABCDGIRSTW]*\)[	 ][	 ]*\([_A-Za-z][_A-Za-z0-9]*\)$/\1 \2 \2/p' | /usr/bin/sed '/ __gnu_lto/d' > conftest.nm
configure:7694: gcc -o conftest -g -O2   conftest.c conftstm.o >&5
configure:7697: $? = 0
configure:7735: result: ok
configure:7782: checking for sysroot
configure:7813: result: no
configure:7820: checking for a working dd
configure:7864: result: /usr/bin/dd
configure:7868: checking how to truncate binary pipes
configure:7884: result: /usr/bin/dd bs=4096 count=1
configure:8021: gcc -c -g -O2  conftest.c >&5
configure:8024: $? = 0
configure:8221: checking for mt
configure:8242: found /usr/bin/mt
configure:8253: result: mt
configure:8276: checking if mt is a manifest tool
configure:8283: mt '-?'
configure:8291: result: no
configure:9012: checking for dlfcn.h
configure:9012: gcc -c -g -O2  conftest.c >&5
configure:9012: $? = 0
configure:9012: result: yes
configure:9270: checking for objdir
configure:9286: result: .libs
configure:9550: checking if gcc supports -fno-rtti -fno-exceptions
configure:9569: gcc -c -g -O2  -fno-rtti -fno-exceptions conftest.c >&5
cc1: warning: command-line option '-fno-rtti' is valid for C++/D/ObjC++ but not for C
configure:9573: $? = 0
configure:9586: result: no
configure:9950: checking for gcc option to produce PIC
configure:9958: result: -fPIC -DPIC
configure:9966: checking if gcc PIC flag -fPIC -DPIC works
configure:9985: gcc -c -g -O2  -fPIC -DPIC -DPIC conftest.c >&5
configure:9989: $? = 0
configure:10002: result: yes
configure:10031: checking if gcc static flag -static works
configure:10060: result: yes
configure:10075: checking if gcc supports -c -o file.o
configure:10097: gcc -c -g -O2  -o out/conftest2.o conftest.c >&5
configure:10101: $? = 0
configure:10123: result: yes
configure:10131: checking if gcc supports -c -o file.o
configure:10179: result: yes
configure:10212: checking whether the gcc linker (/usr/bin/ld -m elf_x86_64) supports shared libraries
configure:11486: result: yes
configure:11523: checking whether -lc should be explicitly linked in
configure:11532: gcc -c -g -O2  conftest.c >&5
configure:11535: $? = 0
configure:11550: gcc -shared  -fPIC -DPIC conftest.o  -v -Wl,-soname -Wl,conftest -o conftest 2\>\&1 \| /usr/bin/grep  -lc  \>/dev/null 2\>\&1
configure:11553: $? = 0
configure:11567: result: no
configure:11727: checking dynamic linker characteristics
configure:12309: gcc -o conftest -g -O2   -Wl,-rpath -Wl,/foo conftest.c  >&5
configure:12309: $? = 0
configure:12560: result: GNU/Linux ld.so
configure:12682: checking how to hardcode library paths into programs
configure:12707: result: immediate
configure:13259: checking whether stripping libraries is possible
configure:13268: result: yes
configure:13310: checking if libtool supports shared libraries
configure:13312: result: yes
configure:13315: checking whether to build shared libraries
configure:13340: result: yes
configure:13343: checking whether to build static libraries
configure:13347: result: no
configure:13490: checking that generated files are newer than configure
configure:13496: result: done
configure:13519: creating ./config.status

## ---------------------- ##
## Running config.status. ##
## ---------------------- ##

This file was extended by calc config.status 0.1.0, which was
generated by GNU Autoconf 2.71.  Invocation command line was

  CONFIG_FILES    = 
  CONFIG_HEADERS  = 
  CONFIG_LINKS    = 
  CONFIG_COMMANDS = 
  $ ./config.status 

on desktop-8107

config.status:1114: creating Makefile
config.status:1114: creating config.h
config.status:1328: executing depfiles commands
config.status:1405: cd .       && sed -e '/# am--include-marker/d' Makefile         | make -f - am--depfiles
config.status:1410: $? = 0
config.status:1328: executing libtool commands

## ---------------- ##
## Cache variables. ##
## ---------------- ##

ac_cv_build=x86_64-pc-linux-gnu
ac_cv_c_compiler_gnu=yes
ac_cv_env_CC_set=
ac_cv_env_CC_value=
ac_cv_env_CFLAGS_set=
ac_cv_env_CFLAGS_value=
ac_cv_env_CPPFLAGS_set=
ac_cv_env_CPPFLAGS_value=
ac_cv_env_LDFLAGS_set=
ac_cv_env_LDFLAGS_value=
ac_cv_env_LIBS_set=
ac_cv_env_LIBS_value=
ac_cv_env_LT_SYS_LIBRARY_PATH_set=
ac_cv_env_LT_SYS_LIBRARY_PATH_value=
ac_cv_env_PKG_CONFIG_LIBDIR_set=
ac_cv_env_PKG_CONFIG_LIBDIR_value=
ac_cv_env_PKG_CONFIG_PATH_set=
ac_cv_env_PKG_CONFIG_PATH_value=
ac_cv_env_PKG_CONFIG_set=
ac_cv_env_PKG_CONFIG_value=
ac_cv_env_build_alias_set=
ac_cv_env_build_alias_value=
ac_cv_env_cairo_CFLAGS_set=
ac_cv_env_cairo_CFLAGS_value=
ac_cv_env_cairo_LIBS_set=
ac_cv_env_cairo_LIBS_value=
ac_cv_env_glib_CFLAGS_set=
ac_cv_env_glib_CFLAGS_value=
ac_cv_env_glib_LIBS_set=
ac_cv_env_glib_LIBS_value=
ac_cv_env_host_alias_set=
ac_cv_env_host_alias_value=
ac_cv_env_rofi_CFLAGS_set=
ac_cv_env_rofi_CFLAGS_value=
ac_cv_env_rofi_LIBS_set=
ac_cv_env_rofi_LIBS_value=
ac_cv_env_target_alias_set=
ac_cv_env_target_alias_value=
ac_cv_header_dlfcn_h=yes
ac_cv_header_inttypes_h=yes
ac_cv_header_minix_config_h=no
ac_cv_header_stdint_h=yes
ac_cv_header_stdio_h=yes
ac_cv_header_stdlib_h=yes
ac_cv_header_string_h=yes
ac_cv_header_strings_h=yes
ac_cv_header_sys_stat_h=yes
ac_cv_header_sys_types_h=yes
ac_cv_header_unistd_h=yes
ac_cv_header_wchar_h=yes
ac_cv_host=x86_64-pc-linux-gnu
ac_cv_objext=o
ac_cv_path_EGREP='/usr/bin/grep -E'
ac_cv_path_FGREP='/usr/bin/grep -F'
ac_cv_path_GREP=/usr/bin/grep
ac_cv_path_SED=/usr/bin/sed
ac_cv_path_ac_pt_PKG_CONFIG=/usr/bin/pkg-config
ac_cv_path_install='/usr/bin/install -c'
ac_cv_path_lt_DD=/usr/bin/dd
ac_cv_path_mkdir=/usr/bin/mkdir
ac_cv_prog_AWK=mawk
ac_cv_prog_ac_ct_AR=ar
ac_cv_prog_ac_ct_CC=gcc
ac_cv_prog_ac_ct_FILECMD=file
ac_cv_prog_ac_ct_MANIFEST_TOOL=mt
ac_cv_prog_ac_ct_OBJDUMP=objdump
ac_cv_prog_ac_ct_RANLIB=ranlib
ac_cv_prog_ac_ct_STRIP=strip
ac_cv_prog_cc_c11=
ac_cv_prog_cc_g=yes
ac_cv_prog_cc_stdc=
ac_cv_prog_make_make_set=yes
ac_cv_safe_to_define___extensions__=yes
ac_cv_should_define__xopen_source=no
am_cv_CC_dependencies_compiler_type=gcc3
am_cv_ar_interface=ar
am_cv_make_support_nested_variables=yes
am_cv_prog_cc_c_o=yes
lt_cv_ar_at_file=@
lt_cv_archive_cmds_need_lc=no
lt_cv_deplibs_check_method=pass_all
lt_cv_file_magic_cmd='$MAGIC_CMD'
lt_cv_file_magic_test_file=
lt_cv_ld_reload_flag=-r
lt_cv_nm_interface='BSD nm'
lt_cv_objdir=.libs
lt_cv_path_LD=/usr/bin/ld
lt_cv_path_NM='/usr/bin/nm -B'
lt_cv_path_mainfest_tool=no
lt_cv_prog_compiler_c_o=yes
lt_cv_prog_compiler_pic='-fPIC -DPIC'
lt_cv_prog_compiler_pic_works=yes
lt_cv_prog_compiler_rtti_exceptions=no
lt_cv_prog_compiler_static_works=yes
lt_cv_prog_gnu_ld=yes
lt_cv_sharedlib_from_linklib_cmd='printf %s\n'
lt_cv_shlibpath_overrides_runpath=yes
lt_cv_sys_global_symbol_pipe='/usr/bin/sed -n -e '\''s/^.*[	 ]\([ABCDGIRSTW][ABCDGIRSTW]*\)[	 ][	 ]*\([_A-Za-z][_A-Za-z0-9]*\)$/\1 \2 \2/p'\'' | /usr/bin/sed '\''/ __gnu_lto/d'\'''
lt_cv_sys_global_symbol_to_c_name_address='/usr/bin/sed -n -e '\''s/^: \(.*\) .*$/  {"\1", (void *) 0},/p'\'' -e '\''s/^[ABCDGIRSTW][ABCDGIRSTW]* .* \(.*\)$/  {"\1", (void *) \&\1},/p'\'''
lt_cv_sys_global_symbol_to_c_name_address_lib_prefix='/usr/bin/sed -n -e '\''s/^: \(.*\) .*$/  {"\1", (void *) 0},/p'\'' -e '\''s/^[ABCDGIRSTW][ABCDGIRSTW]* .* \(lib.*\)$/  {"\1", (void *) \&\1},/p'\'' -e '\''s/^[ABCDGIRSTW][ABCDGIRSTW]* .* \(.*\)$/  {"lib\1", (void *) \&\1},/p'\'''
lt_cv_sys_global_symbol_to_cdecl='/usr/bin/sed -n -e '\''s/^T .* \(.*\)$/extern int \1();/p'\'' -e '\''s/^[ABCDGIRSTW][ABCDGIRSTW]* .* \(.*\)$/extern char \1;/p'\'''
lt_cv_sys_global_symbol_to_import=
lt_cv_sys_max_cmd_len=1572864
lt_cv_to_host_file_cmd=func_convert_file_noop
lt_cv_to_tool_file_cmd=func_convert_file_noop
lt_cv_truncate_bin='/usr/bin/dd bs=4096 count=1'
pkg_cv_cairo_CFLAGS='-I/usr/include/cairo -I/usr/include/glib-2.0 -I/usr/lib/x86_64-linux-gnu/glib-2.0/include -I/usr/include/pixman-1 -I/usr/include/freetype2 -I/usr/include/libpng16 '
pkg_cv_cairo_LIBS='-lcairo '
pkg_cv_glib_CFLAGS='-I/usr/include/glib-2.0 -I/usr/lib/x86_64-linux-gnu/glib-2.0/include -I/usr/include/gio-unix-2.0 -I/usr/include/libmount -I/usr/include/blkid -pthread '
pkg_cv_glib_LIBS='-lgio-2.0 -lgobject-2.0 -Wl,--export-dynamic -lgmodule-2.0 -pthread -lglib-2.0 -lglib-2.0 '
pkg_cv_rofi_CFLAGS='-I/usr/include/ -I/usr/include/glib-2.0 -I/usr/lib/x86_64-linux-gnu/glib-2.0/include -pthread -I/usr/include/cairo -I/usr/include/pixman-1 -I/usr/include/freetype2 -I/usr/include/libpng16 '
pkg_cv_rofi_LIBS=

## ----------------- ##
## Output variables. ##
## ----------------- ##

ACLOCAL='${SHELL} '\''/home/rayan/rofi/rofi-calc/missing'\'' aclocal-1.16'
AMDEPBACKSLASH='\'
AMDEP_FALSE='#'
AMDEP_TRUE=''
AMTAR='$${TAR-tar}'
AM_BACKSLASH='\'
AM_CFLAGS='-Wall -Wextra -Wparentheses -Winline -pedantic -Wunreachable-code'
AM_DEFAULT_V='$(AM_DEFAULT_VERBOSITY)'
AM_DEFAULT_VERBOSITY='1'
AM_V='$(V)'
AR='ar'
AUTOCONF='${SHELL} '\''/home/rayan/rofi/rofi-calc/missing'\'' autoconf'
AUTOHEADER='${SHELL} '\''/home/rayan/rofi/rofi-calc/missing'\'' autoheader'
AUTOMAKE='${SHELL} '\''/home/rayan/rofi/rofi-calc/missing'\'' automake-1.16'
AWK='mawk'
CC='gcc'
CCDEPMODE='depmode=gcc3'
CFLAGS='-g -O2'
CPPFLAGS=''
CSCOPE='cscope'
CTAGS='ctags'
CYGPATH_W='echo'
DEFS='-DHAVE_CONFIG_H'
DEPDIR='.deps'
DLLTOOL='false'
DSYMUTIL=''
DUMPBIN=''
ECHO_C=''
ECHO_N='-n'
ECHO_T=''
EGREP='/usr/bin/grep -E'
ETAGS='etags'
EXEEXT=''
FGREP='/usr/bin/grep -F'
FILECMD='file'
GREP='/usr/bin/grep'
INSTALL_DATA='${INSTALL} -m 644'
INSTALL_PROGRAM='${INSTALL}'
INSTALL_SCRIPT='${INSTALL}'
INSTALL_STRIP_PROGRAM='$(install_sh) -c -s'
LD='/usr/bin/ld -m elf_x86_64'
LDFLAGS=''
LIBOBJS=''
LIBS=''
LIBTOOL='$(SHELL) $(top_builddir)/libtool'
LIPO=''
LN_S='ln -s'
LTLIBOBJS=''
LT_SYS_LIBRARY_PATH=''
MAKEINFO='${SHELL} '\''/home/rayan/rofi/rofi-calc/missing'\'' makeinfo'
MANIFEST_TOOL=':'
MKDIR_P='/usr/bin/mkdir -p'
NM='/usr/bin/nm -B'
NMEDIT=''
OBJDUMP='objdump'
OBJEXT='o'
OTOOL64=''
OTOOL=''
PACKAGE='calc'
PACKAGE_BUGREPORT='https://github.com/svenstaro/rofi-calc'
PACKAGE_NAME='calc'
PACKAGE_STRING='calc 0.1.0'
PACKAGE_TARNAME='calc'
PACKAGE_URL='https://github.com/svenstaro/rofi-calc/issues'
PACKAGE_VERSION='0.1.0'
PATH_SEPARATOR=':'
PKG_CONFIG='/usr/bin/pkg-config'
PKG_CONFIG_LIBDIR=''
PKG_CONFIG_PATH=''
RANLIB='ranlib'
SED='/usr/bin/sed'
SET_MAKE=''
SHELL='/bin/bash'
STRIP='strip'
VERSION='0.1.0'
ac_ct_AR='ar'
ac_ct_CC='gcc'
ac_ct_DUMPBIN=''
am__EXEEXT_FALSE=''
am__EXEEXT_TRUE='#'
am__fastdepCC_FALSE='#'
am__fastdepCC_TRUE=''
am__include='include'
am__isrc=' -I$(srcdir)'
am__leading_dot='.'
am__nodep='_no'
am__quote=''
am__tar='$${TAR-tar} chof - "$$tardir"'
am__untar='$${TAR-tar} xf -'
bindir='${exec_prefix}/bin'
build='x86_64-pc-linux-gnu'
build_alias=''
build_cpu='x86_64'
build_os='linux-gnu'
build_vendor='pc'
cairo_CFLAGS='-I/usr/include/cairo -I/usr/include/glib-2.0 -I/usr/lib/x86_64-linux-gnu/glib-2.0/include -I/usr/include/pixman-1 -I/usr/include/freetype2 -I/usr/include/libpng16 '
cairo_LIBS='-lcairo '
datadir='${datarootdir}'
datarootdir='${prefix}/share'
docdir='${datarootdir}/doc/${PACKAGE_TARNAME}'
dvidir='${docdir}'
exec_prefix='${prefix}'
glib_CFLAGS='-I/usr/include/glib-2.0 -I/usr/lib/x86_64-linux-gnu/glib-2.0/include -I/usr/include/gio-unix-2.0 -I/usr/include/libmount -I/usr/include/blkid -pthread '
glib_LIBS='-lgio-2.0 -lgobject-2.0 -Wl,--export-dynamic -lgmodule-2.0 -pthread -lglib-2.0 -lglib-2.0 '
host='x86_64-pc-linux-gnu'
host_alias=''
host_cpu='x86_64'
host_os='linux-gnu'
host_vendor='pc'
htmldir='${docdir}'
includedir='${prefix}/include'
infodir='${datarootdir}/info'
install_sh='${SHELL} /home/rayan/rofi/rofi-calc/install-sh'
libdir='${exec_prefix}/lib'
libexecdir='${exec_prefix}/libexec'
localedir='${datarootdir}/locale'
localstatedir='${prefix}/var'
mandir='${datarootdir}/man'
mkdir_p='$(MKDIR_P)'
oldincludedir='/usr/include'
pdfdir='${docdir}'
prefix='/usr/local'
program_transform_name='s,x,x,'
psdir='${docdir}'
rofi_CFLAGS='-I/usr/include/ -I/usr/include/glib-2.0 -I/usr/lib/x86_64-linux-gnu/glib-2.0/include -pthread -I/usr/include/cairo -I/usr/include/pixman-1 -I/usr/include/freetype2 -I/usr/include/libpng16 '
rofi_LIBS=''
rofi_PLUGIN_INSTALL_DIR='/usr/lib/x86_64-linux-gnu/rofi/'
runstatedir='${localstatedir}/run'
sbindir='${exec_prefix}/sbin'
sharedstatedir='${prefix}/com'
sysconfdir='${prefix}/etc'
target_alias=''

## ----------- ##
## confdefs.h. ##
## ----------- ##

/* confdefs.h */
#define PACKAGE_NAME "calc"
#define PACKAGE_TARNAME "calc"
#define PACKAGE_VERSION "0.1.0"
#define PACKAGE_STRING "calc 0.1.0"
#define PACKAGE_BUGREPORT "https://github.com/svenstaro/rofi-calc"
#define PACKAGE_URL "https://github.com/svenstaro/rofi-calc/issues"
#define PACKAGE "calc"
#define VERSION "0.1.0"
#define HAVE_STDIO_H 1
#define HAVE_STDLIB_H 1
#define HAVE_STRING_H 1
#define HAVE_INTTYPES_H 1
#define HAVE_STDINT_H 1
#define HAVE_STRINGS_H 1
#define HAVE_SYS_STAT_H 1
#define HAVE_SYS_TYPES_H 1
#define HAVE_UNISTD_H 1
#define HAVE_WCHAR_H 1
#define STDC_HEADERS 1
#define _ALL_SOURCE 1
#define _DARWIN_C_SOURCE 1
#define _GNU_SOURCE 1
#define _HPUX_ALT_XOPEN_SOCKET_API 1
#define _NETBSD_SOURCE 1
#define _OPENBSD_SOURCE 1
#define _POSIX_PTHREAD_SEMANTICS 1
#define __STDC_WANT_IEC_60559_ATTRIBS_EXT__ 1
#define __STDC_WANT_IEC_60559_BFP_EXT__ 1
#define __STDC_WANT_IEC_60559_DFP_EXT__ 1
#define __STDC_WANT_IEC_60559_FUNCS_EXT__ 1
#define __STDC_WANT_IEC_60559_TYPES_EXT__ 1
#define __STDC_WANT_LIB_EXT2__ 1
#define __STDC_WANT_MATH_SPEC_FUNCS__ 1
#define _TANDEM_SOURCE 1
#define __EXTENSIONS__ 1
#define HAVE_DLFCN_H 1
#define LT_OBJDIR ".libs/"

configure: exit 0
